<?xml version="1.0" encoding="UTF-8" ?>
<testsuite errors="0" failures="0" hostname="Lizzys-MacBook-Pro.local" name="com.flatironschool.javacs.WikiPhilosophyTest" skipped="0" tests="1" time="14.354" timestamp="2016-05-17T16:58:49">
  <properties>
    <property name="java.vendor" value="Oracle Corporation" />
    <property name="sun.java.launcher" value="SUN_STANDARD" />
    <property name="env.XPC_SERVICE_NAME" value="0" />
    <property name="sun.management.compiler" value="HotSpot 64-Bit Tiered Compilers" />
    <property name="env._system_arch" value="x86_64" />
    <property name="env.GEM_HOME" value="/Users/lizzynammour/.rvm/gems/ruby-2.2.1" />
    <property name="os.name" value="Mac OS X" />
    <property name="sun.boot.class.path" value="/Library/Java/JavaVirtualMachines/jdk1.8.0_77.jdk/Contents/Home/jre/lib/resources.jar:/Library/Java/JavaVirtualMachines/jdk1.8.0_77.jdk/Contents/Home/jre/lib/rt.jar:/Library/Java/JavaVirtualMachines/jdk1.8.0_77.jdk/Contents/Home/jre/lib/sunrsasign.jar:/Library/Java/JavaVirtualMachines/jdk1.8.0_77.jdk/Contents/Home/jre/lib/jsse.jar:/Library/Java/JavaVirtualMachines/jdk1.8.0_77.jdk/Contents/Home/jre/lib/jce.jar:/Library/Java/JavaVirtualMachines/jdk1.8.0_77.jdk/Contents/Home/jre/lib/charsets.jar:/Library/Java/JavaVirtualMachines/jdk1.8.0_77.jdk/Contents/Home/jre/lib/jfr.jar:/Library/Java/JavaVirtualMachines/jdk1.8.0_77.jdk/Contents/Home/jre/classes" />
    <property name="env.TMPDIR" value="/var/folders/26/g8nn52593mxgvsr9gcg1r5rm0000gn/T/" />
    <property name="env.PWD" value="/Users/lizzynammour/cs-wikipedia-philosophy-lab-codeU" />
    <property name="env.LANG" value="en_US.UTF-8" />
    <property name="java.vm.specification.vendor" value="Oracle Corporation" />
    <property name="ant.home" value="/usr/local/Cellar/ant/1.9.6/libexec" />
    <property name="java.runtime.version" value="1.8.0_77-b03" />
    <property name="env.MY_RUBY_HOME" value="/Users/lizzynammour/.rvm/rubies/ruby-2.2.1" />
    <property name="env.Apple_PubSub_Socket_Render" value="/private/tmp/com.apple.launchd.kO65aU6Skh/Render" />
    <property name="env.DISPLAY" value="/private/tmp/com.apple.launchd.EipMQYIQBf/org.macosforge.xquartz:0" />
    <property name="env.rvm_version" value="1.26.11 (latest)" />
    <property name="user.name" value="lizzynammour" />
    <property name="env.USER" value="lizzynammour" />
    <property name="env.SHELL" value="/bin/bash" />
    <property name="env.__CF_USER_TEXT_ENCODING" value="0x1F5:0x0:0x0" />
    <property name="env._system_type" value="Darwin" />
    <property name="env.PATH" value="/Users/lizzynammour/.rvm/gems/ruby-2.2.1/bin:/Users/lizzynammour/.rvm/gems/ruby-2.2.1@global/bin:/Users/lizzynammour/.rvm/rubies/ruby-2.2.1/bin:/Library/Frameworks/Python.framework/Versions/3.4/bin:/Library/Frameworks/Python.framework/Versions/3.4/bin:/Library/Frameworks/Python.framework/Versions/2.7/bin:/Library/Frameworks/Python.framework/Versions/3.4/bin:/usr/local/bin:/usr/bin:/bin:/usr/sbin:/sbin:/opt/X11/bin:/usr/local/git/bin:/usr/texbin:/Users/lizzynammour/.rvm/bin" />
    <property name="user.language" value="en" />
    <property name="env.rvm_prefix" value="/Users/lizzynammour" />
    <property name="sun.boot.library.path" value="/Library/Java/JavaVirtualMachines/jdk1.8.0_77.jdk/Contents/Home/jre/lib" />
    <property name="ant.project.default-target" value="build" />
    <property name="env.XPC_FLAGS" value="0x0" />
    <property name="ant.project.name" value="JavaCS" />
    <property name="env.rvm_path" value="/Users/lizzynammour/.rvm" />
    <property name="env.RUBY_VERSION" value="ruby-2.2.1" />
    <property name="java.version" value="1.8.0_77" />
    <property name="user.timezone" value="" />
    <property name="sun.arch.data.model" value="64" />
    <property name="env._system_name" value="OSX" />
    <property name="http.nonProxyHosts" value="local|*.local|169.254/16|*.169.254/16" />
    <property name="java.endorsed.dirs" value="/Library/Java/JavaVirtualMachines/jdk1.8.0_77.jdk/Contents/Home/jre/lib/endorsed" />
    <property name="env.JDK_HOME" value="/Library/Java/JavaVirtualMachines/jdk1.8.0_77.jdk/Contents/Home" />
    <property name="sun.cpu.isalist" value="" />
    <property name="sun.jnu.encoding" value="UTF-8" />
    <property name="env.rvm_bin_path" value="/Users/lizzynammour/.rvm/bin" />
    <property name="file.encoding.pkg" value="sun.io" />
    <property name="env.SHLVL" value="3" />
    <property name="file.separator" value="/" />
    <property name="env._system_version" value="10.10" />
    <property name="java.specification.name" value="Java Platform API Specification" />
    <property name="java.class.version" value="52.0" />
    <property name="user.country" value="US" />
    <property name="ant.file.JavaCS" value="/Users/lizzynammour/cs-wikipedia-philosophy-lab-codeU/javacs-lab05/build.xml" />
    <property name="java.home" value="/Library/Java/JavaVirtualMachines/jdk1.8.0_77.jdk/Contents/Home/jre" />
    <property name="java.vm.info" value="mixed mode" />
    <property name="env.LOGNAME" value="lizzynammour" />
    <property name="ant.file" value="/Users/lizzynammour/cs-wikipedia-philosophy-lab-codeU/javacs-lab05/build.xml" />
    <property name="os.version" value="10.10.5" />
    <property name="env.JAVA_MAIN_CLASS_33361" value="org.apache.tools.ant.launch.Launcher" />
    <property name="env.TERM_PROGRAM_VERSION" value="343.7" />
    <property name="path.separator" value=":" />
    <property name="java.vm.version" value="25.77-b03" />
    <property name="ant.library.dir" value="/usr/local/Cellar/ant/1.9.6/libexec/lib" />
    <property name="junit.output.dir" value="junit" />
    <property name="env.IRBRC" value="/Users/lizzynammour/.rvm/rubies/ruby-2.2.1/.irbrc" />
    <property name="env.JAVA_HOME" value="/Library/Java/JavaVirtualMachines/jdk1.8.0_77.jdk/Contents/Home" />
    <property name="java.awt.printerjob" value="sun.lwawt.macosx.CPrinterJob" />
    <property name="env.TERM" value="xterm-256color" />
    <property name="sun.io.unicode.encoding" value="UnicodeBig" />
    <property name="awt.toolkit" value="sun.lwawt.macosx.LWCToolkit" />
    <property name="socksNonProxyHosts" value="local|*.local|169.254/16|*.169.254/16" />
    <property name="ftp.nonProxyHosts" value="local|*.local|169.254/16|*.169.254/16" />
    <property name="env.GEM_PATH" value="/Users/lizzynammour/.rvm/gems/ruby-2.2.1:/Users/lizzynammour/.rvm/gems/ruby-2.2.1@global" />
    <property name="target" value="1.7" />
    <property name="user.home" value="/Users/lizzynammour" />
    <property name="java.specification.vendor" value="Oracle Corporation" />
    <property name="env.TERM_PROGRAM" value="Apple_Terminal" />
    <property name="java.vendor.url" value="http://java.oracle.com/" />
    <property name="java.library.path" value="/Users/lizzynammour/Library/Java/Extensions:/Library/Java/Extensions:/Network/Library/Java/Extensions:/System/Library/Java/Extensions:/usr/lib/java:." />
    <property name="java.vm.vendor" value="Oracle Corporation" />
    <property name="gopherProxySet" value="false" />
    <property name="java.runtime.name" value="Java(TM) SE Runtime Environment" />
    <property name="ant.version" value="Apache Ant(TM) version 1.9.6 compiled on June 29 2015" />
    <property name="java.class.path" value="/Users/lizzynammour/cs-wikipedia-philosophy-lab-codeU/javacs-lab05/bin:/Users/lizzynammour/cs-wikipedia-philosophy-lab-codeU/javacs-lab05/lib/jsoup-1.8.3.jar:/Users/lizzynammour/cs-wikipedia-philosophy-lab-codeU/javacs-lab05/lib/junit-4.12.jar:/Users/lizzynammour/cs-wikipedia-philosophy-lab-codeU/javacs-lab05/lib/hamcrest-core-1.3.jar:/usr/local/Cellar/ant/1.9.6/libexec/lib/ant-launcher.jar:/usr/local/Cellar/ant/1.9.6/libexec/lib/ant.jar:/usr/local/Cellar/ant/1.9.6/libexec/lib/ant-junit.jar:/usr/local/Cellar/ant/1.9.6/libexec/lib/ant-junit4.jar" />
    <property name="sun.java.command" value="org.apache.tools.ant.taskdefs.optional.junit.JUnitTestRunner com.flatironschool.javacs.WikiPhilosophyTest skipNonTests=false filtertrace=true haltOnError=false haltOnFailure=false formatter=org.apache.tools.ant.taskdefs.optional.junit.OutErrSummaryJUnitResultFormatter showoutput=false outputtoformatters=true logfailedtests=true threadid=0 logtestlistenerevents=false formatter=org.apache.tools.ant.taskdefs.optional.junit.XMLJUnitResultFormatter,/Users/lizzynammour/cs-wikipedia-philosophy-lab-codeU/javacs-lab05/junit/TEST-com.flatironschool.javacs.WikiPhilosophyTest.xml formatter=org.apache.tools.ant.taskdefs.optional.junit.PlainJUnitResultFormatter crashfile=/Users/lizzynammour/cs-wikipedia-philosophy-lab-codeU/javacs-lab05/junitvmwatcher6641562774318649401.properties propsfile=/Users/lizzynammour/cs-wikipedia-philosophy-lab-codeU/javacs-lab05/junit490648422892608546.properties" />
    <property name="env.TERM_SESSION_ID" value="4A98D0C2-745E-438A-BE93-5EFF741B2535" />
    <property name="ant.file.type.JavaCS" value="file" />
    <property name="java.vm.specification.name" value="Java Virtual Machine Specification" />
    <property name="ant.file.type" value="file" />
    <property name="java.vm.specification.version" value="1.8" />
    <property name="sun.os.patch.level" value="unknown" />
    <property name="sun.cpu.endian" value="little" />
    <property name="env.HOME" value="/Users/lizzynammour" />
    <property name="debuglevel" value="source,lines,vars" />
    <property name="java.io.tmpdir" value="/var/folders/26/g8nn52593mxgvsr9gcg1r5rm0000gn/T/" />
    <property name="java.vendor.url.bug" value="http://bugreport.sun.com/bugreport/" />
    <property name="env.SSH_AUTH_SOCK" value="/private/tmp/com.apple.launchd.tkh0TwGuEG/Listeners" />
    <property name="os.arch" value="x86_64" />
    <property name="java.awt.graphicsenv" value="sun.awt.CGraphicsEnvironment" />
    <property name="java.ext.dirs" value="/Users/lizzynammour/Library/Java/Extensions:/Library/Java/JavaVirtualMachines/jdk1.8.0_77.jdk/Contents/Home/jre/lib/ext:/Library/Java/Extensions:/Network/Library/Java/Extensions:/System/Library/Java/Extensions:/usr/lib/java" />
    <property name="user.dir" value="/Users/lizzynammour/cs-wikipedia-philosophy-lab-codeU" />
    <property name="line.separator" value="&#xa;" />
    <property name="java.vm.name" value="Java HotSpot(TM) 64-Bit Server VM" />
    <property name="basedir" value="/Users/lizzynammour/cs-wikipedia-philosophy-lab-codeU/javacs-lab05" />
    <property name="ant.java.version" value="1.8" />
    <property name="ant.core.lib" value="/usr/local/Cellar/ant/1.9.6/libexec/lib/ant.jar" />
    <property name="source" value="1.7" />
    <property name="file.encoding" value="UTF-8" />
    <property name="java.specification.version" value="1.8" />
    <property name="ant.project.invoked-targets" value="test" />
  </properties>
  <testcase classname="com.flatironschool.javacs.WikiPhilosophyTest" name="testMain" time="14.258" />
  <system-out><![CDATA[https://en.wikipedia.org/wiki/Java_(programming_language)
https://en.wikipedia.org/wiki/Programming_language
https://en.wikipedia.org/wiki/Formal_language
https://en.wikipedia.org/wiki/Mathematics
https://en.wikipedia.org/wiki/Ancient_Greek
https://en.wikipedia.org/wiki/Greek_language
https://en.wikipedia.org/wiki/Modern_Greek
https://en.wikipedia.org/wiki/Help:IPA_for_Greek
https://en.wikipedia.org/wiki/International_Phonetic_Alphabet
https://en.wikipedia.org/wiki/Alphabet
https://en.wikipedia.org/wiki/Letter_(alphabet)
https://en.wikipedia.org/wiki/Grapheme
https://en.wikipedia.org/wiki/Phoneme
https://en.wikipedia.org/wiki/Help:IPA_for_English
false
]]></system-out>
  <system-err><![CDATA[]]></system-err>
</testsuite>
